2025-05-07 23:10:48.166 [info] [main] Log level: Info
2025-05-07 23:10:48.167 [info] [main] Validating found git in: "git"
2025-05-07 23:10:48.167 [info] [main] Using git "2.43.0" from "git"
2025-05-07 23:10:48.167 [info] [Model][doInitialScan] Initial repository scan started
2025-05-07 23:10:48.167 [info] > git rev-parse --show-toplevel [1793ms]
2025-05-07 23:10:48.167 [info] fatal: not a git repository (or any parent up to mount point /)
Stopping at filesystem boundary (GIT_DISCOVERY_ACROSS_FILESYSTEM not set).
2025-05-07 23:10:48.168 [info] > git rev-parse --show-toplevel [2ms]
2025-05-07 23:10:48.168 [info] fatal: not a git repository (or any parent up to mount point /)
Stopping at filesystem boundary (GIT_DISCOVERY_ACROSS_FILESYSTEM not set).
2025-05-07 23:10:48.175 [info] > git rev-parse --show-toplevel [2ms]
2025-05-07 23:10:48.175 [info] fatal: not a git repository (or any parent up to mount point /)
Stopping at filesystem boundary (GIT_DISCOVERY_ACROSS_FILESYSTEM not set).
2025-05-07 23:10:48.184 [info] > git rev-parse --show-toplevel [2ms]
2025-05-07 23:10:48.184 [info] fatal: not a git repository (or any parent up to mount point /)
Stopping at filesystem boundary (GIT_DISCOVERY_ACROSS_FILESYSTEM not set).
2025-05-07 23:10:48.192 [info] > git rev-parse --show-toplevel [2ms]
2025-05-07 23:10:48.192 [info] fatal: not a git repository (or any parent up to mount point /)
Stopping at filesystem boundary (GIT_DISCOVERY_ACROSS_FILESYSTEM not set).
2025-05-07 23:10:48.199 [info] > git rev-parse --show-toplevel [1ms]
2025-05-07 23:10:48.199 [info] fatal: not a git repository (or any parent up to mount point /)
Stopping at filesystem boundary (GIT_DISCOVERY_ACROSS_FILESYSTEM not set).
2025-05-07 23:10:48.204 [info] > git rev-parse --show-toplevel [1ms]
2025-05-07 23:10:48.204 [info] fatal: not a git repository (or any parent up to mount point /)
Stopping at filesystem boundary (GIT_DISCOVERY_ACROSS_FILESYSTEM not set).
2025-05-07 23:10:48.205 [info] [Model][doInitialScan] Initial repository scan completed - repositories (0), closed repositories (0), parent repositories (0), unsafe repositories (0)
2025-05-07 23:10:51.172 [info] > git rev-parse --show-toplevel [16ms]
2025-05-07 23:10:51.173 [info] fatal: not a git repository (or any parent up to mount point /)
Stopping at filesystem boundary (GIT_DISCOVERY_ACROSS_FILESYSTEM not set).
2025-05-07 23:11:33.555 [info] > git rev-parse --show-toplevel [6ms]
2025-05-07 23:11:33.555 [info] fatal: not a git repository (or any parent up to mount point /)
Stopping at filesystem boundary (GIT_DISCOVERY_ACROSS_FILESYSTEM not set).
2025-05-07 23:15:30.115 [info] > git rev-parse --show-toplevel [2ms]
2025-05-07 23:15:30.115 [info] fatal: not a git repository (or any parent up to mount point /)
Stopping at filesystem boundary (GIT_DISCOVERY_ACROSS_FILESYSTEM not set).
2025-05-07 23:16:35.662 [info] > git rev-parse --show-toplevel [2ms]
2025-05-07 23:16:35.662 [info] fatal: not a git repository (or any parent up to mount point /)
Stopping at filesystem boundary (GIT_DISCOVERY_ACROSS_FILESYSTEM not set).
2025-05-07 23:16:51.705 [info] > git rev-parse --show-toplevel [2ms]
2025-05-07 23:16:51.715 [info] > git rev-parse --git-dir --git-common-dir [3ms]
2025-05-07 23:16:51.732 [info] [Model][openRepository] Opened repository: /home/grtuiraprueba
2025-05-07 23:16:51.751 [info] [Git][getRemotes] No remotes found in the git config file
2025-05-07 23:16:51.752 [info] > git config --get commit.template [10ms]
2025-05-07 23:16:51.753 [info] > git for-each-ref --format=%(refname)%00%(upstream:short)%00%(objectname)%00%(upstream:track)%00%(upstream:remotename)%00%(upstream:remoteref) refs/heads/master refs/remotes/master [3ms]
2025-05-07 23:16:51.754 [warning] [Git][getBranch] No such branch: master
2025-05-07 23:16:51.772 [info] > git status -z -uall [12ms]
2025-05-07 23:16:51.775 [info] > git for-each-ref --sort -committerdate --format %(refname) %(objectname) %(*objectname) [6ms]
2025-05-07 23:16:51.802 [info] > git for-each-ref --format=%(refname)%00%(upstream:short)%00%(objectname)%00%(upstream:track)%00%(upstream:remotename)%00%(upstream:remoteref) refs/heads/master refs/remotes/master [14ms]
2025-05-07 23:16:51.802 [warning] [Git][getBranch] No such branch: master
2025-05-07 23:16:51.803 [error] [GitHistoryProvider][resolveHEADMergeBase] Failed to resolve merge base for master: Error: No such branch: master.
2025-05-07 23:16:51.805 [info] > git config --get commit.template [4ms]
2025-05-07 23:16:51.812 [info] [Git][getRemotes] No remotes found in the git config file
2025-05-07 23:16:51.813 [info] > git for-each-ref --format=%(refname)%00%(upstream:short)%00%(objectname)%00%(upstream:track)%00%(upstream:remotename)%00%(upstream:remoteref) refs/heads/master refs/remotes/master [2ms]
2025-05-07 23:16:51.814 [warning] [Git][getBranch] No such branch: master
2025-05-07 23:16:51.851 [info] > git status -z -uall [31ms]
2025-05-07 23:16:51.851 [info] > git for-each-ref --sort -committerdate --format %(refname) %(objectname) %(*objectname) [24ms]
2025-05-07 23:16:52.414 [info] > git check-ignore -v -z --stdin [5ms]
2025-05-07 23:16:52.440 [info] > git show --textconv :DemoGit/index.html [13ms]
2025-05-07 23:16:52.441 [info] > git ls-files --stage -- /home/grtuiraprueba/DemoGit/index.html [2ms]
2025-05-07 23:16:57.616 [info] > git ls-files --stage -- /home/grtuiraprueba/DemoGit/index.html [2ms]
2025-05-07 23:16:57.625 [info] > git cat-file -s d01f779ffe857c350a556704ae244cec10844ce0 [2ms]
2025-05-07 23:16:57.770 [info] > git show --textconv :DemoGit/index.html [2ms]
2025-05-07 23:17:01.504 [info] > git ls-files --stage -- /home/grtuiraprueba/DemoGit/index.html [2ms]
2025-05-07 23:17:01.512 [info] > git cat-file -s d01f779ffe857c350a556704ae244cec10844ce0 [2ms]
2025-05-07 23:17:01.657 [info] > git show --textconv :DemoGit/index.html [2ms]
2025-05-07 23:17:13.404 [info] > git ls-files --stage -- /home/grtuiraprueba/DemoGit/index.html [2ms]
2025-05-07 23:17:13.416 [info] > git cat-file -s d01f779ffe857c350a556704ae244cec10844ce0 [2ms]
2025-05-07 23:17:13.568 [info] > git show --textconv :DemoGit/index.html [3ms]
2025-05-07 23:17:22.526 [info] [Git][getRemotes] No remotes found in the git config file
2025-05-07 23:17:22.536 [info] > git config --get commit.template [10ms]
2025-05-07 23:17:22.537 [info] > git for-each-ref --format=%(refname)%00%(upstream:short)%00%(objectname)%00%(upstream:track)%00%(upstream:remotename)%00%(upstream:remoteref) refs/heads/master refs/remotes/master [3ms]
2025-05-07 23:17:22.554 [info] > git status -z -uall [10ms]
2025-05-07 23:17:22.556 [info] > git for-each-ref --sort -committerdate --format %(refname) %(objectname) %(*objectname) [3ms]
2025-05-07 23:17:31.511 [info] > git config --get commit.template [3ms]
2025-05-07 23:17:31.518 [info] [Git][getRemotes] No remotes found in the git config file
2025-05-07 23:17:31.520 [info] > git for-each-ref --format=%(refname)%00%(upstream:short)%00%(objectname)%00%(upstream:track)%00%(upstream:remotename)%00%(upstream:remoteref) refs/heads/master refs/remotes/master [2ms]
2025-05-07 23:17:31.536 [info] > git status -z -uall [9ms]
2025-05-07 23:17:31.538 [info] > git for-each-ref --sort -committerdate --format %(refname) %(objectname) %(*objectname) [3ms]
2025-05-07 23:17:39.171 [info] [Git][getRemotes] No remotes found in the git config file
2025-05-07 23:17:39.178 [info] > git config --get commit.template [10ms]
2025-05-07 23:17:39.180 [info] > git for-each-ref --format=%(refname)%00%(upstream:short)%00%(objectname)%00%(upstream:track)%00%(upstream:remotename)%00%(upstream:remoteref) refs/heads/main refs/remotes/main [3ms]
2025-05-07 23:17:39.197 [info] > git status -z -uall [10ms]
2025-05-07 23:17:39.199 [info] > git for-each-ref --sort -committerdate --format %(refname) %(objectname) %(*objectname) [3ms]
2025-05-07 23:17:39.214 [info] > git for-each-ref --format=%(refname)%00%(upstream:short)%00%(objectname)%00%(upstream:track)%00%(upstream:remotename)%00%(upstream:remoteref) refs/heads/main refs/remotes/main [3ms]
2025-05-07 23:17:39.223 [info] > git config --local branch.main.vscode-merge-base [2ms]
2025-05-07 23:17:39.224 [warning] [Git][config] git config failed: Failed to execute git
2025-05-07 23:17:39.235 [info] > git reflog main --grep-reflog=branch: Created from *. [4ms]
2025-05-07 23:17:39.246 [info] > git symbolic-ref --short refs/remotes/origin/HEAD [4ms]
2025-05-07 23:17:39.246 [info] fatal: ref refs/remotes/origin/HEAD is not a symbolic ref
2025-05-07 23:17:39.246 [warning] [Repository][getDefaultBranch] Failed to get default branch details: Failed to execute git.
2025-05-07 23:17:39.309 [info] > git ls-files --stage -- /home/grtuiraprueba/DemoGit/index.html [5ms]
2025-05-07 23:17:39.319 [info] > git cat-file -s d01f779ffe857c350a556704ae244cec10844ce0 [2ms]
2025-05-07 23:17:39.465 [info] > git show --textconv :DemoGit/index.html [2ms]
2025-05-07 23:17:47.961 [info] > git ls-files --stage -- /home/grtuiraprueba/DemoGit/index.html [2ms]
2025-05-07 23:17:47.969 [info] > git cat-file -s d01f779ffe857c350a556704ae244cec10844ce0 [2ms]
2025-05-07 23:17:48.115 [info] > git show --textconv :DemoGit/index.html [3ms]
2025-05-07 23:19:04.969 [info] > git config --get commit.template [4ms]
2025-05-07 23:19:04.978 [info] > git for-each-ref --format=%(refname)%00%(upstream:short)%00%(objectname)%00%(upstream:track)%00%(upstream:remotename)%00%(upstream:remoteref) refs/heads/main refs/remotes/main [2ms]
2025-05-07 23:19:04.992 [info] > git status -z -uall [8ms]
2025-05-07 23:19:04.994 [info] > git for-each-ref --sort -committerdate --format %(refname) %(objectname) %(*objectname) [3ms]
2025-05-07 23:19:10.017 [info] > git config --get commit.template [12ms]
2025-05-07 23:19:10.018 [info] > git for-each-ref --format=%(refname)%00%(upstream:short)%00%(objectname)%00%(upstream:track)%00%(upstream:remotename)%00%(upstream:remoteref) refs/heads/main refs/remotes/main [2ms]
2025-05-07 23:19:10.040 [info] > git status -z -uall [12ms]
2025-05-07 23:19:10.042 [info] > git for-each-ref --sort -committerdate --format %(refname) %(objectname) %(*objectname) [2ms]
2025-05-07 23:19:18.036 [info] > git config --get commit.template [2ms]
2025-05-07 23:19:18.045 [info] > git for-each-ref --format=%(refname)%00%(upstream:short)%00%(objectname)%00%(upstream:track)%00%(upstream:remotename)%00%(upstream:remoteref) refs/heads/main refs/remotes/main [3ms]
2025-05-07 23:19:18.060 [info] > git status -z -uall [9ms]
2025-05-07 23:19:18.062 [info] > git for-each-ref --sort -committerdate --format %(refname) %(objectname) %(*objectname) [3ms]
2025-05-07 23:19:31.850 [info] > git config --get commit.template [10ms]
2025-05-07 23:19:31.852 [info] > git for-each-ref --format=%(refname)%00%(upstream:short)%00%(objectname)%00%(upstream:track)%00%(upstream:remotename)%00%(upstream:remoteref) refs/heads/main refs/remotes/main [3ms]
2025-05-07 23:19:31.871 [info] > git status -z -uall [11ms]
2025-05-07 23:19:31.874 [info] > git for-each-ref --sort -committerdate --format %(refname) %(objectname) %(*objectname) [3ms]
2025-05-07 23:19:31.892 [info] > git merge-base refs/heads/main refs/remotes/origin/main [3ms]
2025-05-07 23:19:31.905 [info] > git diff --name-status -z --diff-filter=ADMR 646e81c5ff15a00fda4a60b874f4658373bd9bc5...refs/remotes/origin/main [4ms]
2025-05-07 23:19:31.984 [info] > git ls-files --stage -- /home/grtuiraprueba/DemoGit/index.html [7ms]
2025-05-07 23:19:31.995 [info] > git cat-file -s d01f779ffe857c350a556704ae244cec10844ce0 [3ms]
2025-05-07 23:19:32.145 [info] > git show --textconv :DemoGit/index.html [3ms]
