Initializing document watcher...
Document watcher initialized
/User/settings.json: Using EditorConfig core...
grtuiraprueba/DemoGit/index.html: {}
grtuiraprueba/DemoGit/index.html: Using EditorConfig core...
grtuiraprueba/DemoGit/index.html: Using EditorConfig core...
grtuiraprueba/DemoGit/index.html: {}
grtuiraprueba/DemoGit/index.html: Using EditorConfig core...
grtuiraprueba/DemoGit/index.html: Using EditorConfig core...
grtuiraprueba/DemoGit/index.html: Using EditorConfig core...
grtuiraprueba/DemoGit/index.html: Using EditorConfig core...
grtuiraprueba/DemoGit/index.html: Using EditorConfig core...
grtuiraprueba/DemoGit/index.html: Using EditorConfig core...
grtuiraprueba/DemoGit/index.html: Using EditorConfig core...
grtuiraprueba/DemoGit/index.html: Using EditorConfig core...
grtuiraprueba/DemoGit/index.html: {}
grtuiraprueba/DemoGit/index.html: {}
grtuiraprueba/DemoGit/index.html: {}
grtuiraprueba/DemoGit/index.html: {}
grtuiraprueba/DemoGit/index.html: {}
grtuiraprueba/DemoGit/index.html: {}
grtuiraprueba/DemoGit/index.html: {}
grtuiraprueba/DemoGit/index.html: {}
grtuiraprueba/DemoGit/index.html: {}
grtuiraprueba/DemoGit/index.html: {}
grtuiraprueba/DemoGit/index.html: {}
grtuiraprueba/DemoGit/index.html: {}
grtuiraprueba/DemoGit/index.html: {}
grtuiraprueba/DemoGit/index.html: {}
grtuiraprueba/DemoGit/index.html: {}
grtuiraprueba/DemoGit/index.html: {}
grtuiraprueba/DemoGit/index.html: {}
grtuiraprueba/DemoGit/index.html: {}
grtuiraprueba/DemoGit/index.html: {}
grtuiraprueba/DemoGit/index.html: {}
grtuiraprueba/DemoGit/index.html: {}
grtuiraprueba/DemoGit/index.html: {}
grtuiraprueba/DemoGit/index.html: {}
grtuiraprueba/DemoGit/index.html: {}
grtuiraprueba/DemoGit/index.html: {}
grtuiraprueba/DemoGit/index.html: {}
grtuiraprueba/DemoGit/index.html: {}
grtuiraprueba/DemoGit/index.html: {}
grtuiraprueba/DemoGit/index.html: {}
grtuiraprueba/DemoGit/index.html: {}
grtuiraprueba/DemoGit/index.html: {}
grtuiraprueba/DemoGit/index.html: {}
grtuiraprueba/DemoGit/index.html: {}
grtuiraprueba/DemoGit/index.html: {}
grtuiraprueba/DemoGit/index.html: {}
grtuiraprueba/DemoGit/index.html: {}
grtuiraprueba/DemoGit/index.html: {}
