2025-05-07 23:21:47.614 [info] [main] Log level: Info
2025-05-07 23:21:47.614 [info] [main] Validating found git in: "git"
2025-05-07 23:21:47.614 [info] [main] Using git "2.43.0" from "git"
2025-05-07 23:21:47.614 [info] [Model][doInitialScan] Initial repository scan started
2025-05-07 23:21:47.614 [info] > git rev-parse --show-toplevel [4ms]
2025-05-07 23:21:47.614 [info] > git rev-parse --git-dir --git-common-dir [5ms]
2025-05-07 23:21:47.614 [info] [Model][openRepository] Opened repository: /home/grtuiraprueba
2025-05-07 23:21:47.614 [info] > git rev-parse --show-toplevel [15ms]
2025-05-07 23:21:47.614 [info] > git config --get commit.template [23ms]
2025-05-07 23:21:47.614 [info] > git for-each-ref --format=%(refname)%00%(upstream:short)%00%(objectname)%00%(upstream:track)%00%(upstream:remotename)%00%(upstream:remoteref) refs/heads/main refs/remotes/main [8ms]
2025-05-07 23:21:47.614 [info] > git rev-parse --show-toplevel [22ms]
2025-05-07 23:21:47.614 [info] > git rev-parse --show-toplevel [15ms]
2025-05-07 23:21:47.653 [info] > git status -z -uall [30ms]
2025-05-07 23:21:47.654 [info] > git for-each-ref --sort -committerdate --format %(refname) %(objectname) %(*objectname) [17ms]
2025-05-07 23:21:47.974 [info] > git for-each-ref --format=%(refname)%00%(upstream:short)%00%(objectname)%00%(upstream:track)%00%(upstream:remotename)%00%(upstream:remoteref) refs/heads/main refs/remotes/main [302ms]
2025-05-07 23:21:47.980 [info] > git rev-parse --show-toplevel [330ms]
2025-05-07 23:21:48.062 [info] > git config --local branch.main.vscode-merge-base [81ms]
2025-05-07 23:21:48.062 [warning] [Git][config] git config failed: Failed to execute git
2025-05-07 23:21:48.068 [info] > git config --get commit.template [382ms]
2025-05-07 23:21:48.091 [info] > git check-ignore -v -z --stdin [16ms]
2025-05-07 23:21:48.093 [info] > git reflog main --grep-reflog=branch: Created from *. [26ms]
2025-05-07 23:21:48.098 [info] > git rev-parse --show-toplevel [99ms]
2025-05-07 23:21:48.118 [info] > git rev-parse --show-toplevel [9ms]
2025-05-07 23:21:48.119 [info] > git for-each-ref --format=%(refname)%00%(upstream:short)%00%(objectname)%00%(upstream:track)%00%(upstream:remotename)%00%(upstream:remoteref) refs/heads/main refs/remotes/main [15ms]
2025-05-07 23:21:48.119 [info] > git symbolic-ref --short refs/remotes/origin/HEAD [22ms]
2025-05-07 23:21:48.119 [info] fatal: ref refs/remotes/origin/HEAD is not a symbolic ref
2025-05-07 23:21:48.119 [warning] [Repository][getDefaultBranch] Failed to get default branch details: Failed to execute git.
2025-05-07 23:21:50.365 [info] > git rev-parse --show-toplevel [2234ms]
2025-05-07 23:21:50.365 [info] > git merge-base refs/heads/main refs/remotes/origin/main [2241ms]
2025-05-07 23:21:50.468 [info] > git status -z -uall [21ms]
2025-05-07 23:21:50.471 [info] > git diff --name-status -z --diff-filter=ADMR 646e81c5ff15a00fda4a60b874f4658373bd9bc5...refs/remotes/origin/main [94ms]
2025-05-07 23:21:50.872 [info] > git for-each-ref --sort -committerdate --format %(refname) %(objectname) %(*objectname) [410ms]
2025-05-07 23:21:50.878 [info] > git rev-parse --show-toplevel [441ms]
2025-05-07 23:21:50.879 [info] [Model][doInitialScan] Initial repository scan completed - repositories (1), closed repositories (0), parent repositories (0), unsafe repositories (0)
2025-05-07 23:21:51.026 [info] > git show --textconv :DemoGit/index.html [133ms]
2025-05-07 23:21:51.072 [info] > git ls-files --stage -- /home/grtuiraprueba/DemoGit/index.html [169ms]
2025-05-07 23:21:51.150 [info] > git cat-file -s d01f779ffe857c350a556704ae244cec10844ce0 [70ms]
2025-05-07 23:21:55.615 [info] > git config --get commit.template [48ms]
2025-05-07 23:21:55.712 [info] > git for-each-ref --format=%(refname)%00%(upstream:short)%00%(objectname)%00%(upstream:track)%00%(upstream:remotename)%00%(upstream:remoteref) refs/heads/main refs/remotes/main [44ms]
2025-05-07 23:21:55.890 [info] > git status -z -uall [72ms]
2025-05-07 23:21:55.947 [info] > git for-each-ref --sort -committerdate --format %(refname) %(objectname) %(*objectname) [70ms]
2025-05-07 23:22:02.565 [info] > git config --get commit.template [44ms]
2025-05-07 23:22:02.566 [info] > git for-each-ref --format=%(refname)%00%(upstream:short)%00%(objectname)%00%(upstream:track)%00%(upstream:remotename)%00%(upstream:remoteref) refs/heads/main refs/remotes/main [5ms]
2025-05-07 23:22:02.736 [info] > git status -z -uall [77ms]
2025-05-07 23:22:02.745 [info] > git for-each-ref --sort -committerdate --format %(refname) %(objectname) %(*objectname) [33ms]
2025-05-07 23:22:10.148 [info] > git config --get commit.template [12ms]
2025-05-07 23:22:10.149 [info] > git for-each-ref --format=%(refname)%00%(upstream:short)%00%(objectname)%00%(upstream:track)%00%(upstream:remotename)%00%(upstream:remoteref) refs/heads/main refs/remotes/main [3ms]
2025-05-07 23:22:10.170 [info] > git status -z -uall [12ms]
2025-05-07 23:22:10.173 [info] > git for-each-ref --sort -committerdate --format %(refname) %(objectname) %(*objectname) [3ms]
2025-05-07 23:22:13.520 [info] > git ls-files --stage -- /home/grtuiraprueba/DemoGit/index.html [2ms]
2025-05-07 23:22:13.531 [info] > git cat-file -s d01f779ffe857c350a556704ae244cec10844ce0 [3ms]
2025-05-07 23:22:13.679 [info] > git show --textconv :DemoGit/index.html [3ms]
2025-05-07 23:22:15.200 [info] > git config --get commit.template [11ms]
2025-05-07 23:22:15.201 [info] > git for-each-ref --format=%(refname)%00%(upstream:short)%00%(objectname)%00%(upstream:track)%00%(upstream:remotename)%00%(upstream:remoteref) refs/heads/main refs/remotes/main [3ms]
2025-05-07 23:22:15.229 [info] > git status -z -uall [18ms]
2025-05-07 23:22:15.230 [info] > git for-each-ref --sort -committerdate --format %(refname) %(objectname) %(*objectname) [7ms]
2025-05-07 23:22:32.826 [info] > git config --get commit.template [8ms]
2025-05-07 23:22:32.827 [info] > git for-each-ref --format=%(refname)%00%(upstream:short)%00%(objectname)%00%(upstream:track)%00%(upstream:remotename)%00%(upstream:remoteref) refs/heads/main refs/remotes/main [2ms]
2025-05-07 23:22:32.844 [info] > git status -z -uall [10ms]
2025-05-07 23:22:32.845 [info] > git for-each-ref --sort -committerdate --format %(refname) %(objectname) %(*objectname) [3ms]
2025-05-07 23:22:38.180 [info] > git config --get commit.template [10ms]
2025-05-07 23:22:38.180 [info] > git for-each-ref --format=%(refname)%00%(upstream:short)%00%(objectname)%00%(upstream:track)%00%(upstream:remotename)%00%(upstream:remoteref) refs/heads/main refs/remotes/main [3ms]
2025-05-07 23:22:38.197 [info] > git status -z -uall [10ms]
2025-05-07 23:22:38.199 [info] > git for-each-ref --sort -committerdate --format %(refname) %(objectname) %(*objectname) [3ms]
2025-05-07 23:22:42.087 [info] > git ls-files --stage -- /home/grtuiraprueba/DemoGit/index.html [2ms]
2025-05-07 23:22:42.096 [info] > git cat-file -s d01f779ffe857c350a556704ae244cec10844ce0 [2ms]
2025-05-07 23:22:42.242 [info] > git show --textconv :DemoGit/index.html [2ms]
